Build started 1/6/2026 11:14:12 PM.
     1>Project "X:\PROJECTS\AppDevProjects\OpenGLProjects\202512OpenGL\MyGameEngine\MyEngine\MyEngine.vcxproj" on node 2 (Build target(s)).
     1>ClCompile:
         C:\Program Files (x86)\Microsoft Visual Studio 12.0\VC\bin\CL.exe /c /IX:\PROJECTS\AppDevProjects\OpenGLProjects\202512OpenGL\MyGameEngine\MyEngine\include/ /Zi /nologo /W3 /WX- /sdl /O2 /Oi /Oy- /GL /D _UNICODE /D UNICODE /Gm- /EHsc /MD /GS /Gy /fp:precise /Zc:wchar_t /Zc:forScope /Yc"stdafx.h" /Fp"Release\myenginer.pch" /Fo"Release\\" /Fd"Release\vc120.pdb" /Gd /TP /analyze- /errorReport:prompt src\main.cpp
         main.cpp
       Link:
         C:\Program Files (x86)\Microsoft Visual Studio 12.0\VC\bin\link.exe /ERRORREPORT:PROMPT /OUT:"X:\PROJECTS\AppDevProjects\OpenGLProjects\202512OpenGL\MyGameEngine\MyEngine\myenginer.exe" /NOLOGO /LIBPATH:X:\PROJECTS\AppDevProjects\OpenGLProjects\202512OpenGL\MyGameEngine\MyEngine\lib/ glu32.lib glaux.lib opengl32.lib kernel32.lib user32.lib gdi32.lib winspool.lib comdlg32.lib advapi32.lib shell32.lib ole32.lib oleaut32.lib uuid.lib odbc32.lib odbccp32.lib kernel32.lib user32.lib gdi32.lib winspool.lib comdlg32.lib advapi32.lib shell32.lib ole32.lib oleaut32.lib uuid.lib odbc32.lib odbccp32.lib /MANIFEST /MANIFESTUAC:"level='asInvoker' uiAccess='false'" /manifest:embed /PDB:"X:\PROJECTS\AppDevProjects\OpenGLProjects\202512OpenGL\MyGameEngine\MyEngine\myenginer.pdb" /OPT:REF /OPT:ICF /LTCG /TLBID:1 /DYNAMICBASE /NXCOMPAT /IMPLIB:"X:\PROJECTS\AppDevProjects\OpenGLProjects\202512OpenGL\MyGameEngine\MyEngine\myenginer.lib" /MACHINE:X86 /SAFESEH Release\GameEngine.obj
         Release\InputManager.obj
         Release\Renderer.obj
         Release\Window.obj
         Release\main.obj
         Release\Matrix4.obj
         Release\Quaternion.obj
         Release\SceneManager.obj
         Release\stdafx.obj
         lib\glaux.lib
         lib\glext.lib
     1>LINK : warning C4727: PCH named x:\projects\appdevprojects\openglprojects\202512opengl\mygameengine\myengine\release\myenginer.pch with same timestamp found in X:\PROJECTS\AppDevProjects\OpenGLProjects\202512OpenGL\MyGameEngine\MyEngine\Release\InputManager.obj and X:\PROJECTS\AppDevProjects\OpenGLProjects\202512OpenGL\MyGameEngine\MyEngine\Release\GameEngine.obj.  Using first PCH.
     1>LINK : warning C4727: PCH named x:\projects\appdevprojects\openglprojects\202512opengl\mygameengine\myengine\release\myenginer.pch with same timestamp found in X:\PROJECTS\AppDevProjects\OpenGLProjects\202512OpenGL\MyGameEngine\MyEngine\Release\Renderer.obj and X:\PROJECTS\AppDevProjects\OpenGLProjects\202512OpenGL\MyGameEngine\MyEngine\Release\GameEngine.obj.  Using first PCH.
     1>LINK : warning C4727: PCH named x:\projects\appdevprojects\openglprojects\202512opengl\mygameengine\myengine\release\myenginer.pch with same timestamp found in X:\PROJECTS\AppDevProjects\OpenGLProjects\202512OpenGL\MyGameEngine\MyEngine\Release\Window.obj and X:\PROJECTS\AppDevProjects\OpenGLProjects\202512OpenGL\MyGameEngine\MyEngine\Release\GameEngine.obj.  Using first PCH.
     1>LINK : warning C4727: PCH named x:\projects\appdevprojects\openglprojects\202512opengl\mygameengine\myengine\release\myenginer.pch with same timestamp found in X:\PROJECTS\AppDevProjects\OpenGLProjects\202512OpenGL\MyGameEngine\MyEngine\Release\Matrix4.obj and X:\PROJECTS\AppDevProjects\OpenGLProjects\202512OpenGL\MyGameEngine\MyEngine\Release\GameEngine.obj.  Using first PCH.
     1>LINK : warning C4727: PCH named x:\projects\appdevprojects\openglprojects\202512opengl\mygameengine\myengine\release\myenginer.pch with same timestamp found in X:\PROJECTS\AppDevProjects\OpenGLProjects\202512OpenGL\MyGameEngine\MyEngine\Release\Quaternion.obj and X:\PROJECTS\AppDevProjects\OpenGLProjects\202512OpenGL\MyGameEngine\MyEngine\Release\GameEngine.obj.  Using first PCH.
     1>LINK : warning C4727: PCH named x:\projects\appdevprojects\openglprojects\202512opengl\mygameengine\myengine\release\myenginer.pch with same timestamp found in X:\PROJECTS\AppDevProjects\OpenGLProjects\202512OpenGL\MyGameEngine\MyEngine\Release\SceneManager.obj and X:\PROJECTS\AppDevProjects\OpenGLProjects\202512OpenGL\MyGameEngine\MyEngine\Release\GameEngine.obj.  Using first PCH.
     1>LINK : warning C4727: PCH named x:\projects\appdevprojects\openglprojects\202512opengl\mygameengine\myengine\release\myenginer.pch with same timestamp found in X:\PROJECTS\AppDevProjects\OpenGLProjects\202512OpenGL\MyGameEngine\MyEngine\Release\stdafx.obj and X:\PROJECTS\AppDevProjects\OpenGLProjects\202512OpenGL\MyGameEngine\MyEngine\Release\GameEngine.obj.  Using first PCH.
         Generating code
         Finished generating code
         MyEngine.vcxproj -> X:\PROJECTS\AppDevProjects\OpenGLProjects\202512OpenGL\MyGameEngine\MyEngine\myenginer.exe
     1>Done Building Project "X:\PROJECTS\AppDevProjects\OpenGLProjects\202512OpenGL\MyGameEngine\MyEngine\MyEngine.vcxproj" (Build target(s)).

Build succeeded.

Time Elapsed 00:00:07.26
