x:\projects\appdevprojects\openglprojects\202512opengl\mygameengine\myengine\debug\myengine.pch
x:\projects\appdevprojects\openglprojects\202512opengl\mygameengine\myengine\debug\vc120.pdb
x:\projects\appdevprojects\openglprojects\202512opengl\mygameengine\myengine\debug\vc120.idb
x:\projects\appdevprojects\openglprojects\202512opengl\mygameengine\myengine\debug\stdafx.obj
x:\projects\appdevprojects\openglprojects\202512opengl\mygameengine\myengine\debug\scenemanager.obj
x:\projects\appdevprojects\openglprojects\202512opengl\mygameengine\myengine\debug\quaternion.obj
x:\projects\appdevprojects\openglprojects\202512opengl\mygameengine\myengine\debug\matrix4.obj
x:\projects\appdevprojects\openglprojects\202512opengl\mygameengine\myengine\debug\main.obj
x:\projects\appdevprojects\openglprojects\202512opengl\mygameengine\myengine\debug\window.obj
x:\projects\appdevprojects\openglprojects\202512opengl\mygameengine\myengine\debug\renderer.obj
x:\projects\appdevprojects\openglprojects\202512opengl\mygameengine\myengine\debug\inputmanager.obj
x:\projects\appdevprojects\openglprojects\202512opengl\mygameengine\myengine\debug\gameengine.obj
x:\projects\appdevprojects\openglprojects\202512opengl\mygameengine\myengine\myengine.ilk
x:\projects\appdevprojects\openglprojects\202512opengl\mygameengine\myengine\myengine.exe
x:\projects\appdevprojects\openglprojects\202512opengl\mygameengine\myengine\myengine.pdb
x:\projects\appdevprojects\openglprojects\202512opengl\mygameengine\myengine\debug\myengine.tlog\cl.command.1.tlog
x:\projects\appdevprojects\openglprojects\202512opengl\mygameengine\myengine\debug\myengine.tlog\cl.read.1.tlog
x:\projects\appdevprojects\openglprojects\202512opengl\mygameengine\myengine\debug\myengine.tlog\cl.write.1.tlog
x:\projects\appdevprojects\openglprojects\202512opengl\mygameengine\myengine\debug\myengine.tlog\link.command.1.tlog
x:\projects\appdevprojects\openglprojects\202512opengl\mygameengine\myengine\debug\myengine.tlog\link.read.1.tlog
x:\projects\appdevprojects\openglprojects\202512opengl\mygameengine\myengine\debug\myengine.tlog\link.write.1.tlog
